[2024-11-12T22:45:39.448+0000] {local_task_job_runner.py:120} INFO - ::group::Pre task execution logs
[2024-11-12T22:45:39.485+0000] {taskinstance.py:2076} INFO - Dependencies all met for dep_context=non-requeueable deps ti=<TaskInstance: VantageToSnowflake.load manual__2024-11-12T22:45:33.792783+00:00 [queued]>
[2024-11-12T22:45:39.498+0000] {taskinstance.py:2076} INFO - Dependencies all met for dep_context=requeueable deps ti=<TaskInstance: VantageToSnowflake.load manual__2024-11-12T22:45:33.792783+00:00 [queued]>
[2024-11-12T22:45:39.499+0000] {taskinstance.py:2306} INFO - Starting attempt 1 of 1
[2024-11-12T22:45:39.514+0000] {taskinstance.py:2330} INFO - Executing <Task(_PythonDecoratedOperator): load> on 2024-11-12 22:45:33.792783+00:00
[2024-11-12T22:45:39.523+0000] {standard_task_runner.py:90} INFO - Running: ['***', 'tasks', 'run', 'VantageToSnowflake', 'load', 'manual__2024-11-12T22:45:33.792783+00:00', '--job-id', '21', '--raw', '--subdir', 'DAGS_FOLDER/alphavantage_to_snowflake.py', '--cfg-path', '/tmp/tmp2unj9q0d']
[2024-11-12T22:45:39.525+0000] {standard_task_runner.py:91} INFO - Job 21: Subtask load
[2024-11-12T22:45:39.527+0000] {logging_mixin.py:188} WARNING - /home/***/.local/lib/python3.12/site-packages/***/task/task_runner/standard_task_runner.py:61 DeprecationWarning: This process (pid=326) is multi-threaded, use of fork() may lead to deadlocks in the child.
[2024-11-12T22:45:39.528+0000] {standard_task_runner.py:63} INFO - Started process 329 to run task
[2024-11-12T22:45:39.589+0000] {task_command.py:426} INFO - Running <TaskInstance: VantageToSnowflake.load manual__2024-11-12T22:45:33.792783+00:00 [running]> on host a183439ed9d5
[2024-11-12T22:45:39.718+0000] {taskinstance.py:2648} INFO - Exporting env vars: AIRFLOW_CTX_DAG_OWNER='***' AIRFLOW_CTX_DAG_ID='VantageToSnowflake' AIRFLOW_CTX_TASK_ID='load' AIRFLOW_CTX_EXECUTION_DATE='2024-11-12T22:45:33.792783+00:00' AIRFLOW_CTX_TRY_NUMBER='1' AIRFLOW_CTX_DAG_RUN_ID='manual__2024-11-12T22:45:33.792783+00:00'
[2024-11-12T22:45:39.720+0000] {taskinstance.py:430} INFO - ::endgroup::
[2024-11-12T22:45:39.876+0000] {cursor.py:1149} INFO - Number of results in first chunk: 1
[2024-11-12T22:45:40.249+0000] {cursor.py:1149} INFO - Number of results in first chunk: 1
[2024-11-12T22:45:40.602+0000] {cursor.py:1149} INFO - Number of results in first chunk: 1
[2024-11-12T22:46:26.732+0000] {logging_mixin.py:188} INFO - Data loaded successfully for stock symbol: AAPL
[2024-11-12T22:47:11.664+0000] {logging_mixin.py:188} INFO - Data loaded successfully for stock symbol: MSFT
[2024-11-12T22:47:11.811+0000] {cursor.py:1149} INFO - Number of results in first chunk: 1
[2024-11-12T22:47:11.813+0000] {logging_mixin.py:188} INFO - All data loaded successfully.
[2024-11-12T22:47:11.815+0000] {python.py:237} INFO - Done. Returned value was: None
[2024-11-12T22:47:11.817+0000] {taskinstance.py:441} INFO - ::group::Post task execution logs
[2024-11-12T22:47:11.838+0000] {taskinstance.py:1206} INFO - Marking task as SUCCESS. dag_id=VantageToSnowflake, task_id=load, run_id=manual__2024-11-12T22:45:33.792783+00:00, execution_date=20241112T224533, start_date=20241112T224539, end_date=20241112T224711
[2024-11-12T22:47:11.880+0000] {local_task_job_runner.py:240} INFO - Task exited with return code 0
[2024-11-12T22:47:11.904+0000] {taskinstance.py:3498} INFO - 0 downstream tasks scheduled from follow-on schedule check
[2024-11-12T22:47:11.908+0000] {local_task_job_runner.py:222} INFO - ::endgroup::
