[2024-11-12T23:47:27.612+0000] {processor.py:161} INFO - Started process (PID=337) to work on /opt/airflow/dags/build_elt_with_dbt.py
[2024-11-12T23:47:27.614+0000] {processor.py:830} INFO - Processing file /opt/airflow/dags/build_elt_with_dbt.py for tasks to queue
[2024-11-12T23:47:27.619+0000] {logging_mixin.py:188} INFO - [2024-11-12T23:47:27.617+0000] {dagbag.py:545} INFO - Filling up the DagBag from /opt/airflow/dags/build_elt_with_dbt.py
[2024-11-12T23:47:27.698+0000] {logging_mixin.py:188} INFO - [2024-11-12T23:47:27.697+0000] {base.py:84} INFO - Using connection ID 'snowflake_conn' for task execution.
[2024-11-12T23:47:27.738+0000] {processor.py:840} INFO - DAG(s) 'BuildELT_dbt' retrieved from /opt/airflow/dags/build_elt_with_dbt.py
[2024-11-12T23:47:28.306+0000] {logging_mixin.py:188} INFO - [2024-11-12T23:47:28.305+0000] {dag.py:3096} INFO - Sync 1 DAGs
[2024-11-12T23:47:28.325+0000] {logging_mixin.py:188} INFO - [2024-11-12T23:47:28.324+0000] {dag.py:3954} INFO - Setting next_dagrun for BuildELT_dbt to None, run_after=None
[2024-11-12T23:47:28.369+0000] {processor.py:183} INFO - Processing /opt/airflow/dags/build_elt_with_dbt.py took 0.769 seconds
[2024-11-12T23:48:01.443+0000] {processor.py:161} INFO - Started process (PID=374) to work on /opt/airflow/dags/build_elt_with_dbt.py
[2024-11-12T23:48:01.444+0000] {processor.py:830} INFO - Processing file /opt/airflow/dags/build_elt_with_dbt.py for tasks to queue
[2024-11-12T23:48:01.447+0000] {logging_mixin.py:188} INFO - [2024-11-12T23:48:01.447+0000] {dagbag.py:545} INFO - Filling up the DagBag from /opt/airflow/dags/build_elt_with_dbt.py
[2024-11-12T23:48:01.477+0000] {logging_mixin.py:188} INFO - [2024-11-12T23:48:01.477+0000] {base.py:84} INFO - Using connection ID 'snowflake_conn' for task execution.
[2024-11-12T23:48:01.486+0000] {processor.py:840} INFO - DAG(s) 'BuildELT_dbt' retrieved from /opt/airflow/dags/build_elt_with_dbt.py
[2024-11-12T23:48:01.517+0000] {logging_mixin.py:188} INFO - [2024-11-12T23:48:01.517+0000] {dag.py:3096} INFO - Sync 1 DAGs
[2024-11-12T23:48:01.534+0000] {logging_mixin.py:188} INFO - [2024-11-12T23:48:01.534+0000] {dag.py:3954} INFO - Setting next_dagrun for BuildELT_dbt to None, run_after=None
[2024-11-12T23:48:01.561+0000] {processor.py:183} INFO - Processing /opt/airflow/dags/build_elt_with_dbt.py took 0.126 seconds
[2024-11-12T23:48:31.768+0000] {processor.py:161} INFO - Started process (PID=406) to work on /opt/airflow/dags/build_elt_with_dbt.py
[2024-11-12T23:48:31.771+0000] {processor.py:830} INFO - Processing file /opt/airflow/dags/build_elt_with_dbt.py for tasks to queue
[2024-11-12T23:48:31.780+0000] {logging_mixin.py:188} INFO - [2024-11-12T23:48:31.779+0000] {dagbag.py:545} INFO - Filling up the DagBag from /opt/airflow/dags/build_elt_with_dbt.py
[2024-11-12T23:48:31.836+0000] {logging_mixin.py:188} INFO - [2024-11-12T23:48:31.835+0000] {base.py:84} INFO - Using connection ID 'snowflake_conn' for task execution.
[2024-11-12T23:48:31.846+0000] {processor.py:840} INFO - DAG(s) 'BuildELT_dbt' retrieved from /opt/airflow/dags/build_elt_with_dbt.py
[2024-11-12T23:48:31.875+0000] {logging_mixin.py:188} INFO - [2024-11-12T23:48:31.874+0000] {dag.py:3096} INFO - Sync 1 DAGs
[2024-11-12T23:48:31.897+0000] {logging_mixin.py:188} INFO - [2024-11-12T23:48:31.896+0000] {dag.py:3954} INFO - Setting next_dagrun for BuildELT_dbt to None, run_after=None
[2024-11-12T23:48:31.924+0000] {processor.py:183} INFO - Processing /opt/airflow/dags/build_elt_with_dbt.py took 0.174 seconds
[2024-11-12T23:49:02.038+0000] {processor.py:161} INFO - Started process (PID=432) to work on /opt/airflow/dags/build_elt_with_dbt.py
[2024-11-12T23:49:02.040+0000] {processor.py:830} INFO - Processing file /opt/airflow/dags/build_elt_with_dbt.py for tasks to queue
[2024-11-12T23:49:02.043+0000] {logging_mixin.py:188} INFO - [2024-11-12T23:49:02.042+0000] {dagbag.py:545} INFO - Filling up the DagBag from /opt/airflow/dags/build_elt_with_dbt.py
[2024-11-12T23:49:02.071+0000] {logging_mixin.py:188} INFO - [2024-11-12T23:49:02.070+0000] {base.py:84} INFO - Using connection ID 'snowflake_conn' for task execution.
[2024-11-12T23:49:02.080+0000] {processor.py:840} INFO - DAG(s) 'BuildELT_dbt' retrieved from /opt/airflow/dags/build_elt_with_dbt.py
[2024-11-12T23:49:02.107+0000] {logging_mixin.py:188} INFO - [2024-11-12T23:49:02.106+0000] {dag.py:3096} INFO - Sync 1 DAGs
[2024-11-12T23:49:02.125+0000] {logging_mixin.py:188} INFO - [2024-11-12T23:49:02.125+0000] {dag.py:3954} INFO - Setting next_dagrun for BuildELT_dbt to None, run_after=None
[2024-11-12T23:49:02.155+0000] {processor.py:183} INFO - Processing /opt/airflow/dags/build_elt_with_dbt.py took 0.125 seconds
[2024-11-12T23:49:32.274+0000] {processor.py:161} INFO - Started process (PID=448) to work on /opt/airflow/dags/build_elt_with_dbt.py
[2024-11-12T23:49:32.276+0000] {processor.py:830} INFO - Processing file /opt/airflow/dags/build_elt_with_dbt.py for tasks to queue
[2024-11-12T23:49:32.280+0000] {logging_mixin.py:188} INFO - [2024-11-12T23:49:32.279+0000] {dagbag.py:545} INFO - Filling up the DagBag from /opt/airflow/dags/build_elt_with_dbt.py
[2024-11-12T23:49:32.307+0000] {logging_mixin.py:188} INFO - [2024-11-12T23:49:32.307+0000] {base.py:84} INFO - Using connection ID 'snowflake_conn' for task execution.
[2024-11-12T23:49:32.316+0000] {processor.py:840} INFO - DAG(s) 'BuildELT_dbt' retrieved from /opt/airflow/dags/build_elt_with_dbt.py
[2024-11-12T23:49:32.341+0000] {logging_mixin.py:188} INFO - [2024-11-12T23:49:32.341+0000] {dag.py:3096} INFO - Sync 1 DAGs
[2024-11-12T23:49:32.359+0000] {logging_mixin.py:188} INFO - [2024-11-12T23:49:32.358+0000] {dag.py:3954} INFO - Setting next_dagrun for BuildELT_dbt to None, run_after=None
[2024-11-12T23:49:32.387+0000] {processor.py:183} INFO - Processing /opt/airflow/dags/build_elt_with_dbt.py took 0.123 seconds
[2024-11-12T23:50:02.698+0000] {processor.py:161} INFO - Started process (PID=464) to work on /opt/airflow/dags/build_elt_with_dbt.py
[2024-11-12T23:50:02.699+0000] {processor.py:830} INFO - Processing file /opt/airflow/dags/build_elt_with_dbt.py for tasks to queue
[2024-11-12T23:50:02.704+0000] {logging_mixin.py:188} INFO - [2024-11-12T23:50:02.703+0000] {dagbag.py:545} INFO - Filling up the DagBag from /opt/airflow/dags/build_elt_with_dbt.py
[2024-11-12T23:50:02.732+0000] {logging_mixin.py:188} INFO - [2024-11-12T23:50:02.732+0000] {base.py:84} INFO - Using connection ID 'snowflake_conn' for task execution.
[2024-11-12T23:50:02.741+0000] {processor.py:840} INFO - DAG(s) 'BuildELT_dbt' retrieved from /opt/airflow/dags/build_elt_with_dbt.py
[2024-11-12T23:50:02.771+0000] {logging_mixin.py:188} INFO - [2024-11-12T23:50:02.770+0000] {dag.py:3096} INFO - Sync 1 DAGs
[2024-11-12T23:50:02.789+0000] {logging_mixin.py:188} INFO - [2024-11-12T23:50:02.788+0000] {dag.py:3954} INFO - Setting next_dagrun for BuildELT_dbt to None, run_after=None
[2024-11-12T23:50:02.817+0000] {processor.py:183} INFO - Processing /opt/airflow/dags/build_elt_with_dbt.py took 0.128 seconds
[2024-11-12T23:50:33.145+0000] {processor.py:161} INFO - Started process (PID=480) to work on /opt/airflow/dags/build_elt_with_dbt.py
[2024-11-12T23:50:33.147+0000] {processor.py:830} INFO - Processing file /opt/airflow/dags/build_elt_with_dbt.py for tasks to queue
[2024-11-12T23:50:33.151+0000] {logging_mixin.py:188} INFO - [2024-11-12T23:50:33.150+0000] {dagbag.py:545} INFO - Filling up the DagBag from /opt/airflow/dags/build_elt_with_dbt.py
[2024-11-12T23:50:33.180+0000] {logging_mixin.py:188} INFO - [2024-11-12T23:50:33.180+0000] {base.py:84} INFO - Using connection ID 'snowflake_conn' for task execution.
[2024-11-12T23:50:33.189+0000] {processor.py:840} INFO - DAG(s) 'BuildELT_dbt' retrieved from /opt/airflow/dags/build_elt_with_dbt.py
[2024-11-12T23:50:33.217+0000] {logging_mixin.py:188} INFO - [2024-11-12T23:50:33.217+0000] {dag.py:3096} INFO - Sync 1 DAGs
[2024-11-12T23:50:33.236+0000] {logging_mixin.py:188} INFO - [2024-11-12T23:50:33.235+0000] {dag.py:3954} INFO - Setting next_dagrun for BuildELT_dbt to None, run_after=None
[2024-11-12T23:50:33.267+0000] {processor.py:183} INFO - Processing /opt/airflow/dags/build_elt_with_dbt.py took 0.131 seconds
[2024-11-12T23:51:03.578+0000] {processor.py:161} INFO - Started process (PID=496) to work on /opt/airflow/dags/build_elt_with_dbt.py
[2024-11-12T23:51:03.580+0000] {processor.py:830} INFO - Processing file /opt/airflow/dags/build_elt_with_dbt.py for tasks to queue
[2024-11-12T23:51:03.583+0000] {logging_mixin.py:188} INFO - [2024-11-12T23:51:03.582+0000] {dagbag.py:545} INFO - Filling up the DagBag from /opt/airflow/dags/build_elt_with_dbt.py
[2024-11-12T23:51:03.615+0000] {logging_mixin.py:188} INFO - [2024-11-12T23:51:03.615+0000] {base.py:84} INFO - Using connection ID 'snowflake_conn' for task execution.
[2024-11-12T23:51:03.625+0000] {processor.py:840} INFO - DAG(s) 'BuildELT_dbt' retrieved from /opt/airflow/dags/build_elt_with_dbt.py
[2024-11-12T23:51:03.653+0000] {logging_mixin.py:188} INFO - [2024-11-12T23:51:03.653+0000] {dag.py:3096} INFO - Sync 1 DAGs
[2024-11-12T23:51:03.675+0000] {logging_mixin.py:188} INFO - [2024-11-12T23:51:03.674+0000] {dag.py:3954} INFO - Setting next_dagrun for BuildELT_dbt to None, run_after=None
[2024-11-12T23:51:03.706+0000] {processor.py:183} INFO - Processing /opt/airflow/dags/build_elt_with_dbt.py took 0.138 seconds
[2024-11-12T23:51:34.038+0000] {processor.py:161} INFO - Started process (PID=512) to work on /opt/airflow/dags/build_elt_with_dbt.py
[2024-11-12T23:51:34.040+0000] {processor.py:830} INFO - Processing file /opt/airflow/dags/build_elt_with_dbt.py for tasks to queue
[2024-11-12T23:51:34.043+0000] {logging_mixin.py:188} INFO - [2024-11-12T23:51:34.043+0000] {dagbag.py:545} INFO - Filling up the DagBag from /opt/airflow/dags/build_elt_with_dbt.py
[2024-11-12T23:51:34.073+0000] {logging_mixin.py:188} INFO - [2024-11-12T23:51:34.073+0000] {base.py:84} INFO - Using connection ID 'snowflake_conn' for task execution.
[2024-11-12T23:51:34.082+0000] {processor.py:840} INFO - DAG(s) 'BuildELT_dbt' retrieved from /opt/airflow/dags/build_elt_with_dbt.py
[2024-11-12T23:51:34.109+0000] {logging_mixin.py:188} INFO - [2024-11-12T23:51:34.109+0000] {dag.py:3096} INFO - Sync 1 DAGs
[2024-11-12T23:51:34.128+0000] {logging_mixin.py:188} INFO - [2024-11-12T23:51:34.128+0000] {dag.py:3954} INFO - Setting next_dagrun for BuildELT_dbt to None, run_after=None
[2024-11-12T23:51:34.156+0000] {processor.py:183} INFO - Processing /opt/airflow/dags/build_elt_with_dbt.py took 0.127 seconds
[2024-11-12T23:52:04.322+0000] {processor.py:161} INFO - Started process (PID=528) to work on /opt/airflow/dags/build_elt_with_dbt.py
[2024-11-12T23:52:04.324+0000] {processor.py:830} INFO - Processing file /opt/airflow/dags/build_elt_with_dbt.py for tasks to queue
[2024-11-12T23:52:04.329+0000] {logging_mixin.py:188} INFO - [2024-11-12T23:52:04.328+0000] {dagbag.py:545} INFO - Filling up the DagBag from /opt/airflow/dags/build_elt_with_dbt.py
[2024-11-12T23:52:04.360+0000] {logging_mixin.py:188} INFO - [2024-11-12T23:52:04.359+0000] {base.py:84} INFO - Using connection ID 'snowflake_conn' for task execution.
[2024-11-12T23:52:04.369+0000] {processor.py:840} INFO - DAG(s) 'BuildELT_dbt' retrieved from /opt/airflow/dags/build_elt_with_dbt.py
[2024-11-12T23:52:04.398+0000] {logging_mixin.py:188} INFO - [2024-11-12T23:52:04.397+0000] {dag.py:3096} INFO - Sync 1 DAGs
[2024-11-12T23:52:04.417+0000] {logging_mixin.py:188} INFO - [2024-11-12T23:52:04.417+0000] {dag.py:3954} INFO - Setting next_dagrun for BuildELT_dbt to None, run_after=None
[2024-11-12T23:52:04.454+0000] {processor.py:183} INFO - Processing /opt/airflow/dags/build_elt_with_dbt.py took 0.143 seconds
[2024-11-12T23:52:34.640+0000] {processor.py:161} INFO - Started process (PID=544) to work on /opt/airflow/dags/build_elt_with_dbt.py
[2024-11-12T23:52:34.641+0000] {processor.py:830} INFO - Processing file /opt/airflow/dags/build_elt_with_dbt.py for tasks to queue
[2024-11-12T23:52:34.644+0000] {logging_mixin.py:188} INFO - [2024-11-12T23:52:34.644+0000] {dagbag.py:545} INFO - Filling up the DagBag from /opt/airflow/dags/build_elt_with_dbt.py
[2024-11-12T23:52:34.674+0000] {logging_mixin.py:188} INFO - [2024-11-12T23:52:34.674+0000] {base.py:84} INFO - Using connection ID 'snowflake_conn' for task execution.
[2024-11-12T23:52:34.684+0000] {processor.py:840} INFO - DAG(s) 'BuildELT_dbt' retrieved from /opt/airflow/dags/build_elt_with_dbt.py
[2024-11-12T23:52:34.713+0000] {logging_mixin.py:188} INFO - [2024-11-12T23:52:34.712+0000] {dag.py:3096} INFO - Sync 1 DAGs
[2024-11-12T23:52:34.732+0000] {logging_mixin.py:188} INFO - [2024-11-12T23:52:34.731+0000] {dag.py:3954} INFO - Setting next_dagrun for BuildELT_dbt to None, run_after=None
[2024-11-12T23:52:34.769+0000] {processor.py:183} INFO - Processing /opt/airflow/dags/build_elt_with_dbt.py took 0.137 seconds
[2024-11-12T23:53:04.947+0000] {processor.py:161} INFO - Started process (PID=560) to work on /opt/airflow/dags/build_elt_with_dbt.py
[2024-11-12T23:53:04.949+0000] {processor.py:830} INFO - Processing file /opt/airflow/dags/build_elt_with_dbt.py for tasks to queue
[2024-11-12T23:53:04.952+0000] {logging_mixin.py:188} INFO - [2024-11-12T23:53:04.952+0000] {dagbag.py:545} INFO - Filling up the DagBag from /opt/airflow/dags/build_elt_with_dbt.py
[2024-11-12T23:53:04.983+0000] {logging_mixin.py:188} INFO - [2024-11-12T23:53:04.983+0000] {base.py:84} INFO - Using connection ID 'snowflake_conn' for task execution.
[2024-11-12T23:53:04.993+0000] {processor.py:840} INFO - DAG(s) 'BuildELT_dbt' retrieved from /opt/airflow/dags/build_elt_with_dbt.py
[2024-11-12T23:53:05.021+0000] {logging_mixin.py:188} INFO - [2024-11-12T23:53:05.021+0000] {dag.py:3096} INFO - Sync 1 DAGs
[2024-11-12T23:53:05.045+0000] {logging_mixin.py:188} INFO - [2024-11-12T23:53:05.045+0000] {dag.py:3954} INFO - Setting next_dagrun for BuildELT_dbt to None, run_after=None
[2024-11-12T23:53:05.077+0000] {processor.py:183} INFO - Processing /opt/airflow/dags/build_elt_with_dbt.py took 0.139 seconds
[2024-11-12T23:53:35.353+0000] {processor.py:161} INFO - Started process (PID=575) to work on /opt/airflow/dags/build_elt_with_dbt.py
[2024-11-12T23:53:35.356+0000] {processor.py:830} INFO - Processing file /opt/airflow/dags/build_elt_with_dbt.py for tasks to queue
[2024-11-12T23:53:35.360+0000] {logging_mixin.py:188} INFO - [2024-11-12T23:53:35.360+0000] {dagbag.py:545} INFO - Filling up the DagBag from /opt/airflow/dags/build_elt_with_dbt.py
[2024-11-12T23:53:35.400+0000] {logging_mixin.py:188} INFO - [2024-11-12T23:53:35.399+0000] {base.py:84} INFO - Using connection ID 'snowflake_conn' for task execution.
[2024-11-12T23:53:35.414+0000] {processor.py:840} INFO - DAG(s) 'BuildELT_dbt' retrieved from /opt/airflow/dags/build_elt_with_dbt.py
[2024-11-12T23:53:35.444+0000] {logging_mixin.py:188} INFO - [2024-11-12T23:53:35.444+0000] {dag.py:3096} INFO - Sync 1 DAGs
[2024-11-12T23:53:35.466+0000] {logging_mixin.py:188} INFO - [2024-11-12T23:53:35.465+0000] {dag.py:3954} INFO - Setting next_dagrun for BuildELT_dbt to None, run_after=None
[2024-11-12T23:53:35.498+0000] {processor.py:183} INFO - Processing /opt/airflow/dags/build_elt_with_dbt.py took 0.156 seconds
[2024-11-12T23:54:05.613+0000] {processor.py:161} INFO - Started process (PID=591) to work on /opt/airflow/dags/build_elt_with_dbt.py
[2024-11-12T23:54:05.615+0000] {processor.py:830} INFO - Processing file /opt/airflow/dags/build_elt_with_dbt.py for tasks to queue
[2024-11-12T23:54:05.619+0000] {logging_mixin.py:188} INFO - [2024-11-12T23:54:05.618+0000] {dagbag.py:545} INFO - Filling up the DagBag from /opt/airflow/dags/build_elt_with_dbt.py
[2024-11-12T23:54:05.651+0000] {logging_mixin.py:188} INFO - [2024-11-12T23:54:05.651+0000] {base.py:84} INFO - Using connection ID 'snowflake_conn' for task execution.
[2024-11-12T23:54:05.662+0000] {processor.py:840} INFO - DAG(s) 'BuildELT_dbt' retrieved from /opt/airflow/dags/build_elt_with_dbt.py
[2024-11-12T23:54:05.693+0000] {logging_mixin.py:188} INFO - [2024-11-12T23:54:05.692+0000] {dag.py:3096} INFO - Sync 1 DAGs
[2024-11-12T23:54:05.714+0000] {logging_mixin.py:188} INFO - [2024-11-12T23:54:05.714+0000] {dag.py:3954} INFO - Setting next_dagrun for BuildELT_dbt to None, run_after=None
[2024-11-12T23:54:05.751+0000] {processor.py:183} INFO - Processing /opt/airflow/dags/build_elt_with_dbt.py took 0.149 seconds
[2024-11-12T23:54:35.918+0000] {processor.py:161} INFO - Started process (PID=607) to work on /opt/airflow/dags/build_elt_with_dbt.py
[2024-11-12T23:54:35.919+0000] {processor.py:830} INFO - Processing file /opt/airflow/dags/build_elt_with_dbt.py for tasks to queue
[2024-11-12T23:54:35.923+0000] {logging_mixin.py:188} INFO - [2024-11-12T23:54:35.922+0000] {dagbag.py:545} INFO - Filling up the DagBag from /opt/airflow/dags/build_elt_with_dbt.py
[2024-11-12T23:54:35.958+0000] {logging_mixin.py:188} INFO - [2024-11-12T23:54:35.957+0000] {base.py:84} INFO - Using connection ID 'snowflake_conn' for task execution.
[2024-11-12T23:54:35.968+0000] {processor.py:840} INFO - DAG(s) 'BuildELT_dbt' retrieved from /opt/airflow/dags/build_elt_with_dbt.py
[2024-11-12T23:54:36.025+0000] {logging_mixin.py:188} INFO - [2024-11-12T23:54:36.024+0000] {dag.py:3096} INFO - Sync 1 DAGs
[2024-11-12T23:54:36.048+0000] {logging_mixin.py:188} INFO - [2024-11-12T23:54:36.048+0000] {dag.py:3954} INFO - Setting next_dagrun for BuildELT_dbt to None, run_after=None
[2024-11-12T23:54:36.082+0000] {processor.py:183} INFO - Processing /opt/airflow/dags/build_elt_with_dbt.py took 0.174 seconds
[2024-11-12T23:55:06.216+0000] {processor.py:161} INFO - Started process (PID=623) to work on /opt/airflow/dags/build_elt_with_dbt.py
[2024-11-12T23:55:06.217+0000] {processor.py:830} INFO - Processing file /opt/airflow/dags/build_elt_with_dbt.py for tasks to queue
[2024-11-12T23:55:06.221+0000] {logging_mixin.py:188} INFO - [2024-11-12T23:55:06.220+0000] {dagbag.py:545} INFO - Filling up the DagBag from /opt/airflow/dags/build_elt_with_dbt.py
[2024-11-12T23:55:06.252+0000] {logging_mixin.py:188} INFO - [2024-11-12T23:55:06.252+0000] {base.py:84} INFO - Using connection ID 'snowflake_conn' for task execution.
[2024-11-12T23:55:06.262+0000] {processor.py:840} INFO - DAG(s) 'BuildELT_dbt' retrieved from /opt/airflow/dags/build_elt_with_dbt.py
[2024-11-12T23:55:06.291+0000] {logging_mixin.py:188} INFO - [2024-11-12T23:55:06.291+0000] {dag.py:3096} INFO - Sync 1 DAGs
[2024-11-12T23:55:06.310+0000] {logging_mixin.py:188} INFO - [2024-11-12T23:55:06.310+0000] {dag.py:3954} INFO - Setting next_dagrun for BuildELT_dbt to None, run_after=None
[2024-11-12T23:55:06.343+0000] {processor.py:183} INFO - Processing /opt/airflow/dags/build_elt_with_dbt.py took 0.137 seconds
[2024-11-12T23:55:36.419+0000] {processor.py:161} INFO - Started process (PID=639) to work on /opt/airflow/dags/build_elt_with_dbt.py
[2024-11-12T23:55:36.421+0000] {processor.py:830} INFO - Processing file /opt/airflow/dags/build_elt_with_dbt.py for tasks to queue
[2024-11-12T23:55:36.424+0000] {logging_mixin.py:188} INFO - [2024-11-12T23:55:36.424+0000] {dagbag.py:545} INFO - Filling up the DagBag from /opt/airflow/dags/build_elt_with_dbt.py
[2024-11-12T23:55:36.453+0000] {logging_mixin.py:188} INFO - [2024-11-12T23:55:36.453+0000] {base.py:84} INFO - Using connection ID 'snowflake_conn' for task execution.
[2024-11-12T23:55:36.462+0000] {processor.py:840} INFO - DAG(s) 'BuildELT_dbt' retrieved from /opt/airflow/dags/build_elt_with_dbt.py
[2024-11-12T23:55:36.489+0000] {logging_mixin.py:188} INFO - [2024-11-12T23:55:36.489+0000] {dag.py:3096} INFO - Sync 1 DAGs
[2024-11-12T23:55:36.507+0000] {logging_mixin.py:188} INFO - [2024-11-12T23:55:36.506+0000] {dag.py:3954} INFO - Setting next_dagrun for BuildELT_dbt to None, run_after=None
[2024-11-12T23:55:36.536+0000] {processor.py:183} INFO - Processing /opt/airflow/dags/build_elt_with_dbt.py took 0.126 seconds
[2024-11-12T23:56:06.599+0000] {processor.py:161} INFO - Started process (PID=655) to work on /opt/airflow/dags/build_elt_with_dbt.py
[2024-11-12T23:56:06.601+0000] {processor.py:830} INFO - Processing file /opt/airflow/dags/build_elt_with_dbt.py for tasks to queue
[2024-11-12T23:56:06.604+0000] {logging_mixin.py:188} INFO - [2024-11-12T23:56:06.603+0000] {dagbag.py:545} INFO - Filling up the DagBag from /opt/airflow/dags/build_elt_with_dbt.py
[2024-11-12T23:56:06.632+0000] {logging_mixin.py:188} INFO - [2024-11-12T23:56:06.632+0000] {base.py:84} INFO - Using connection ID 'snowflake_conn' for task execution.
[2024-11-12T23:56:06.642+0000] {processor.py:840} INFO - DAG(s) 'BuildELT_dbt' retrieved from /opt/airflow/dags/build_elt_with_dbt.py
[2024-11-12T23:56:06.667+0000] {logging_mixin.py:188} INFO - [2024-11-12T23:56:06.667+0000] {dag.py:3096} INFO - Sync 1 DAGs
[2024-11-12T23:56:06.686+0000] {logging_mixin.py:188} INFO - [2024-11-12T23:56:06.686+0000] {dag.py:3954} INFO - Setting next_dagrun for BuildELT_dbt to None, run_after=None
[2024-11-12T23:56:06.715+0000] {processor.py:183} INFO - Processing /opt/airflow/dags/build_elt_with_dbt.py took 0.125 seconds
[2024-11-12T23:56:36.786+0000] {processor.py:161} INFO - Started process (PID=670) to work on /opt/airflow/dags/build_elt_with_dbt.py
[2024-11-12T23:56:36.788+0000] {processor.py:830} INFO - Processing file /opt/airflow/dags/build_elt_with_dbt.py for tasks to queue
[2024-11-12T23:56:36.792+0000] {logging_mixin.py:188} INFO - [2024-11-12T23:56:36.791+0000] {dagbag.py:545} INFO - Filling up the DagBag from /opt/airflow/dags/build_elt_with_dbt.py
[2024-11-12T23:56:36.823+0000] {logging_mixin.py:188} INFO - [2024-11-12T23:56:36.823+0000] {base.py:84} INFO - Using connection ID 'snowflake_conn' for task execution.
[2024-11-12T23:56:36.833+0000] {processor.py:840} INFO - DAG(s) 'BuildELT_dbt' retrieved from /opt/airflow/dags/build_elt_with_dbt.py
[2024-11-12T23:56:36.864+0000] {logging_mixin.py:188} INFO - [2024-11-12T23:56:36.864+0000] {dag.py:3096} INFO - Sync 1 DAGs
[2024-11-12T23:56:36.884+0000] {logging_mixin.py:188} INFO - [2024-11-12T23:56:36.884+0000] {dag.py:3954} INFO - Setting next_dagrun for BuildELT_dbt to None, run_after=None
[2024-11-12T23:56:36.916+0000] {processor.py:183} INFO - Processing /opt/airflow/dags/build_elt_with_dbt.py took 0.140 seconds
[2024-11-12T23:57:07.091+0000] {processor.py:161} INFO - Started process (PID=686) to work on /opt/airflow/dags/build_elt_with_dbt.py
[2024-11-12T23:57:07.092+0000] {processor.py:830} INFO - Processing file /opt/airflow/dags/build_elt_with_dbt.py for tasks to queue
[2024-11-12T23:57:07.096+0000] {logging_mixin.py:188} INFO - [2024-11-12T23:57:07.096+0000] {dagbag.py:545} INFO - Filling up the DagBag from /opt/airflow/dags/build_elt_with_dbt.py
[2024-11-12T23:57:07.123+0000] {logging_mixin.py:188} INFO - [2024-11-12T23:57:07.122+0000] {base.py:84} INFO - Using connection ID 'snowflake_conn' for task execution.
[2024-11-12T23:57:07.132+0000] {processor.py:840} INFO - DAG(s) 'BuildELT_dbt' retrieved from /opt/airflow/dags/build_elt_with_dbt.py
[2024-11-12T23:57:07.156+0000] {logging_mixin.py:188} INFO - [2024-11-12T23:57:07.156+0000] {dag.py:3096} INFO - Sync 1 DAGs
[2024-11-12T23:57:07.174+0000] {logging_mixin.py:188} INFO - [2024-11-12T23:57:07.174+0000] {dag.py:3954} INFO - Setting next_dagrun for BuildELT_dbt to None, run_after=None
[2024-11-12T23:57:07.202+0000] {processor.py:183} INFO - Processing /opt/airflow/dags/build_elt_with_dbt.py took 0.120 seconds
[2024-11-12T23:57:37.512+0000] {processor.py:161} INFO - Started process (PID=702) to work on /opt/airflow/dags/build_elt_with_dbt.py
[2024-11-12T23:57:37.514+0000] {processor.py:830} INFO - Processing file /opt/airflow/dags/build_elt_with_dbt.py for tasks to queue
[2024-11-12T23:57:37.518+0000] {logging_mixin.py:188} INFO - [2024-11-12T23:57:37.517+0000] {dagbag.py:545} INFO - Filling up the DagBag from /opt/airflow/dags/build_elt_with_dbt.py
[2024-11-12T23:57:37.546+0000] {logging_mixin.py:188} INFO - [2024-11-12T23:57:37.546+0000] {base.py:84} INFO - Using connection ID 'snowflake_conn' for task execution.
[2024-11-12T23:57:37.556+0000] {processor.py:840} INFO - DAG(s) 'BuildELT_dbt' retrieved from /opt/airflow/dags/build_elt_with_dbt.py
[2024-11-12T23:57:37.583+0000] {logging_mixin.py:188} INFO - [2024-11-12T23:57:37.582+0000] {dag.py:3096} INFO - Sync 1 DAGs
[2024-11-12T23:57:37.600+0000] {logging_mixin.py:188} INFO - [2024-11-12T23:57:37.600+0000] {dag.py:3954} INFO - Setting next_dagrun for BuildELT_dbt to None, run_after=None
[2024-11-12T23:57:37.627+0000] {processor.py:183} INFO - Processing /opt/airflow/dags/build_elt_with_dbt.py took 0.124 seconds
[2024-11-12T23:58:07.705+0000] {processor.py:161} INFO - Started process (PID=718) to work on /opt/airflow/dags/build_elt_with_dbt.py
[2024-11-12T23:58:07.706+0000] {processor.py:830} INFO - Processing file /opt/airflow/dags/build_elt_with_dbt.py for tasks to queue
[2024-11-12T23:58:07.710+0000] {logging_mixin.py:188} INFO - [2024-11-12T23:58:07.710+0000] {dagbag.py:545} INFO - Filling up the DagBag from /opt/airflow/dags/build_elt_with_dbt.py
[2024-11-12T23:58:07.739+0000] {logging_mixin.py:188} INFO - [2024-11-12T23:58:07.738+0000] {base.py:84} INFO - Using connection ID 'snowflake_conn' for task execution.
[2024-11-12T23:58:07.748+0000] {processor.py:840} INFO - DAG(s) 'BuildELT_dbt' retrieved from /opt/airflow/dags/build_elt_with_dbt.py
[2024-11-12T23:58:07.773+0000] {logging_mixin.py:188} INFO - [2024-11-12T23:58:07.773+0000] {dag.py:3096} INFO - Sync 1 DAGs
[2024-11-12T23:58:07.791+0000] {logging_mixin.py:188} INFO - [2024-11-12T23:58:07.790+0000] {dag.py:3954} INFO - Setting next_dagrun for BuildELT_dbt to None, run_after=None
[2024-11-12T23:58:07.819+0000] {processor.py:183} INFO - Processing /opt/airflow/dags/build_elt_with_dbt.py took 0.124 seconds
[2024-11-12T23:58:38.028+0000] {processor.py:161} INFO - Started process (PID=742) to work on /opt/airflow/dags/build_elt_with_dbt.py
[2024-11-12T23:58:38.030+0000] {processor.py:830} INFO - Processing file /opt/airflow/dags/build_elt_with_dbt.py for tasks to queue
[2024-11-12T23:58:38.033+0000] {logging_mixin.py:188} INFO - [2024-11-12T23:58:38.033+0000] {dagbag.py:545} INFO - Filling up the DagBag from /opt/airflow/dags/build_elt_with_dbt.py
[2024-11-12T23:58:38.064+0000] {logging_mixin.py:188} INFO - [2024-11-12T23:58:38.064+0000] {base.py:84} INFO - Using connection ID 'snowflake_conn' for task execution.
[2024-11-12T23:58:38.075+0000] {processor.py:840} INFO - DAG(s) 'BuildELT_dbt' retrieved from /opt/airflow/dags/build_elt_with_dbt.py
[2024-11-12T23:58:38.104+0000] {logging_mixin.py:188} INFO - [2024-11-12T23:58:38.104+0000] {dag.py:3096} INFO - Sync 1 DAGs
[2024-11-12T23:58:38.125+0000] {logging_mixin.py:188} INFO - [2024-11-12T23:58:38.125+0000] {dag.py:3954} INFO - Setting next_dagrun for BuildELT_dbt to None, run_after=None
[2024-11-12T23:58:38.159+0000] {processor.py:183} INFO - Processing /opt/airflow/dags/build_elt_with_dbt.py took 0.138 seconds
[2024-11-12T23:59:08.227+0000] {processor.py:161} INFO - Started process (PID=758) to work on /opt/airflow/dags/build_elt_with_dbt.py
[2024-11-12T23:59:08.229+0000] {processor.py:830} INFO - Processing file /opt/airflow/dags/build_elt_with_dbt.py for tasks to queue
[2024-11-12T23:59:08.232+0000] {logging_mixin.py:188} INFO - [2024-11-12T23:59:08.231+0000] {dagbag.py:545} INFO - Filling up the DagBag from /opt/airflow/dags/build_elt_with_dbt.py
[2024-11-12T23:59:08.261+0000] {logging_mixin.py:188} INFO - [2024-11-12T23:59:08.260+0000] {base.py:84} INFO - Using connection ID 'snowflake_conn' for task execution.
[2024-11-12T23:59:08.270+0000] {processor.py:840} INFO - DAG(s) 'BuildELT_dbt' retrieved from /opt/airflow/dags/build_elt_with_dbt.py
[2024-11-12T23:59:08.296+0000] {logging_mixin.py:188} INFO - [2024-11-12T23:59:08.296+0000] {dag.py:3096} INFO - Sync 1 DAGs
[2024-11-12T23:59:08.312+0000] {logging_mixin.py:188} INFO - [2024-11-12T23:59:08.312+0000] {dag.py:3954} INFO - Setting next_dagrun for BuildELT_dbt to None, run_after=None
[2024-11-12T23:59:08.340+0000] {processor.py:183} INFO - Processing /opt/airflow/dags/build_elt_with_dbt.py took 0.121 seconds
[2024-11-12T23:59:38.408+0000] {processor.py:161} INFO - Started process (PID=774) to work on /opt/airflow/dags/build_elt_with_dbt.py
[2024-11-12T23:59:38.409+0000] {processor.py:830} INFO - Processing file /opt/airflow/dags/build_elt_with_dbt.py for tasks to queue
[2024-11-12T23:59:38.414+0000] {logging_mixin.py:188} INFO - [2024-11-12T23:59:38.413+0000] {dagbag.py:545} INFO - Filling up the DagBag from /opt/airflow/dags/build_elt_with_dbt.py
[2024-11-12T23:59:38.455+0000] {logging_mixin.py:188} INFO - [2024-11-12T23:59:38.454+0000] {base.py:84} INFO - Using connection ID 'snowflake_conn' for task execution.
[2024-11-12T23:59:38.471+0000] {processor.py:840} INFO - DAG(s) 'BuildELT_dbt' retrieved from /opt/airflow/dags/build_elt_with_dbt.py
[2024-11-12T23:59:38.506+0000] {logging_mixin.py:188} INFO - [2024-11-12T23:59:38.506+0000] {dag.py:3096} INFO - Sync 1 DAGs
[2024-11-12T23:59:38.533+0000] {logging_mixin.py:188} INFO - [2024-11-12T23:59:38.532+0000] {dag.py:3954} INFO - Setting next_dagrun for BuildELT_dbt to None, run_after=None
[2024-11-12T23:59:38.566+0000] {processor.py:183} INFO - Processing /opt/airflow/dags/build_elt_with_dbt.py took 0.174 seconds
